--------------------------------------------------------------------------------
Release 12.3 Trace  (nt)
Copyright (c) 1995-2010 Xilinx, Inc.  All rights reserved.

C:\Xilinx\12.3\ISE_DS\ISE\bin\nt\unwrapped\trce.exe -intstyle ise -v 3 -s 5 -n
3 -fastpaths -xml seg7_decoder.twx seg7_decoder.ncd -o seg7_decoder.twr
seg7_decoder.pcf -ucf seg7_constrain.ucf

Design file:              seg7_decoder.ncd
Physical constraint file: seg7_decoder.pcf
Device,package,speed:     xc3s500e,fg320,-5 (PRODUCTION 1.27 2010-09-15)
Report level:             verbose report

Environment Variable      Effect 
--------------------      ------ 
NONE                      No environment variables were set
--------------------------------------------------------------------------------

INFO:Timing:2698 - No timing constraints found, doing default enumeration.
INFO:Timing:2752 - To get complete path coverage, use the unconstrained paths 
   option. All paths that are not constrained will be reported in the 
   unconstrained paths section(s) of the report.
INFO:Timing:3339 - The clock-to-out numbers in this timing report are based on 
   a 50 Ohm transmission line loading model.  For the details of this model, 
   and for more information on accounting for different loading conditions, 
   please see the device datasheet.
INFO:Timing:3390 - This architecture does not support a default System Jitter 
   value, please add SYSTEM_JITTER constraint to the UCF to modify the Clock 
   Uncertainty calculation.
INFO:Timing:3389 - This architecture does not support 'Discrete Jitter' and 
   'Phase Error' calculations, these terms will be zero in the Clock 
   Uncertainty calculation.  Please make appropriate modification to 
   SYSTEM_JITTER to account for the unsupported Discrete Jitter and Phase 
   Error.



Data Sheet report:
-----------------
All values displayed in nanoseconds (ns)

Setup/Hold to clock clk
------------+------------+------------+------------------+--------+
            |Max Setup to|Max Hold to |                  | Clock  |
Source      | clk (edge) | clk (edge) |Internal Clock(s) | Phase  |
------------+------------+------------+------------------+--------+
Bin_in<0>   |    3.953(R)|   -0.799(R)|clk_BUFGP         |   0.000|
Bin_in<1>   |    3.945(R)|   -0.790(R)|clk_BUFGP         |   0.000|
Bin_in<2>   |    3.942(R)|   -0.786(R)|clk_BUFGP         |   0.000|
Bin_in<3>   |    3.946(R)|   -0.792(R)|clk_BUFGP         |   0.000|
in_en       |    1.298(R)|    1.056(R)|clk_BUFGP         |   0.000|
------------+------------+------------+------------------+--------+

Clock clk to Pad
------------+------------+------------------+--------+
            | clk (edge) |                  | Clock  |
Destination |   to PAD   |Internal Clock(s) | Phase  |
------------+------------+------------------+--------+
Seg7_out<0> |    9.778(R)|clk_BUFGP         |   0.000|
Seg7_out<1> |    8.767(R)|clk_BUFGP         |   0.000|
Seg7_out<2> |    9.358(R)|clk_BUFGP         |   0.000|
Seg7_out<3> |    9.545(R)|clk_BUFGP         |   0.000|
Seg7_out<4> |    9.610(R)|clk_BUFGP         |   0.000|
Seg7_out<5> |    9.847(R)|clk_BUFGP         |   0.000|
Seg7_out<6> |    9.369(R)|clk_BUFGP         |   0.000|
Seg7_out<7> |    9.659(R)|clk_BUFGP         |   0.000|
------------+------------+------------------+--------+


Analysis completed Tue Nov 30 12:21:51 2010 
--------------------------------------------------------------------------------

Trace Settings:
-------------------------
Trace Settings 

Peak Memory Usage: 111 MB



